[2016-09-21 11:19:15] production.INFO: Do POST  
[2016-09-21 11:19:25] production.INFO: Do POST  
[2016-09-21 11:19:42] production.INFO: Do POST  
[2016-09-21 11:21:13] production.INFO: Do POST  
[2016-09-21 11:21:34] production.INFO: Do POST  
[2016-09-21 11:21:36] production.INFO: Do Get menu  
[2016-09-21 11:21:48] production.INFO: masuk base : {"item_number":"5","filter_key":"code","filter_value":"","sorting_key":"code","sorting_direction":"asc"}  
[2016-09-21 11:21:49] production.INFO: Do POST  
[2016-09-21 11:22:46] production.INFO: masuk base : {"item_number":"5","filter_key":"code","filter_value":"","sorting_key":"code","sorting_direction":"asc"}  
[2016-09-21 11:22:47] production.INFO: Do POST  
[2016-09-21 11:24:11] production.INFO: masuk base : {"item_number":"5","filter_key":"code","filter_value":"","sorting_key":"code","sorting_direction":"asc"}  
[2016-09-21 11:24:11] production.INFO: Do POST  
[2016-09-21 11:24:33] production.INFO: masuk base : {"item_number":"5","filter_key":"code","filter_value":"","sorting_key":"code","sorting_direction":"asc"}  
[2016-09-21 11:24:34] production.INFO: Do POST  
[2016-09-21 11:26:04] production.INFO: masuk base : {"item_number":"5","filter_key":"code","filter_value":"","sorting_key":"code","sorting_direction":"asc"}  
[2016-09-21 11:26:05] production.INFO: Do POST  
[2016-09-21 11:26:21] production.INFO: Do POST  
[2016-09-21 11:26:22] production.INFO: masuk base : {"item_number":"5","filter_key":"code","filter_value":"","sorting_key":"code","sorting_direction":"asc"}  
[2016-09-21 11:26:22] production.INFO: Do POST  
[2016-09-21 11:26:24] production.INFO: masuk base : {"item_number":"5","filter_key":"code","filter_value":"","sorting_key":"code","sorting_direction":"asc"}  
[2016-09-21 11:26:25] production.INFO: Do POST  
[2016-09-21 11:26:28] production.INFO: id=19  
[2016-09-21 11:26:29] production.INFO: Do DELETE  
[2016-09-21 11:26:30] production.INFO: masuk base : {"item_number":"5","filter_key":"code","filter_value":"","sorting_key":"code","sorting_direction":"asc"}  
[2016-09-21 11:26:30] production.INFO: Do POST  
[2016-09-21 11:29:04] production.INFO: Do POST  
[2016-09-21 11:29:04] production.INFO: masuk base : {"item_number":"5","filter_key":"code","filter_value":"","sorting_key":"code","sorting_direction":"asc"}  
[2016-09-21 11:29:05] production.INFO: Do POST  
[2016-09-21 11:29:07] production.INFO: masuk base : {"item_number":"5","filter_key":"code","filter_value":"","sorting_key":"code","sorting_direction":"asc"}  
[2016-09-21 11:29:07] production.INFO: Do POST  
[2016-09-21 11:29:07] production.ERROR: exception 'ErrorException' with message 'Undefined property: stdClass::$current_page' in C:\xampp3\htdocs\kip-svn\pip-redevelopment\pip\app\Util\DataTable.php:102
Stack trace:
#0 C:\xampp3\htdocs\kip-svn\pip-redevelopment\pip\app\Util\DataTable.php(102): Illuminate\Foundation\Bootstrap\HandleExceptions->handleError(8, 'Undefined prope...', 'C:\\xampp3\\htdoc...', 102, Array)
#1 C:\xampp3\htdocs\kip-svn\pip-redevelopment\pip\app\Util\DataTable.php(444): App\Util\DataTable->header(NULL, Array)
#2 C:\xampp3\htdocs\kip-svn\pip-redevelopment\pip\storage\framework\views\0a382aae87bc07ffabb4ffd6c6327710dda3d673.php(10): App\Util\DataTable->set(NULL, Array)
#3 C:\xampp3\htdocs\kip-svn\pip-redevelopment\pip\vendor\laravel\framework\src\Illuminate\View\Engines\PhpEngine.php(42): include('C:\\xampp3\\htdoc...')
#4 C:\xampp3\htdocs\kip-svn\pip-redevelopment\pip\vendor\laravel\framework\src\Illuminate\View\Engines\CompilerEngine.php(59): Illuminate\View\Engines\PhpEngine->evaluatePath('C:\\xampp3\\htdoc...', Array)
#5 C:\xampp3\htdocs\kip-svn\pip-redevelopment\pip\vendor\laravel\framework\src\Illuminate\View\View.php(149): Illuminate\View\Engines\CompilerEngine->get('C:\\xampp3\\htdoc...', Array)
#6 C:\xampp3\htdocs\kip-svn\pip-redevelopment\pip\vendor\laravel\framework\src\Illuminate\View\View.php(120): Illuminate\View\View->getContents()
#7 C:\xampp3\htdocs\kip-svn\pip-redevelopment\pip\vendor\laravel\framework\src\Illuminate\View\View.php(85): Illuminate\View\View->renderContents()
#8 C:\xampp3\htdocs\kip-svn\pip-redevelopment\pip\vendor\laravel\framework\src\Illuminate\Http\Response.php(53): Illuminate\View\View->render()
#9 C:\xampp3\htdocs\kip-svn\pip-redevelopment\pip\vendor\symfony\http-foundation\Response.php(201): Illuminate\Http\Response->setContent(Object(Illuminate\View\View))
#10 C:\xampp3\htdocs\kip-svn\pip-redevelopment\pip\vendor\laravel\framework\src\Illuminate\Routing\Router.php(1085): Symfony\Component\HttpFoundation\Response->__construct(Object(Illuminate\View\View))
#11 C:\xampp3\htdocs\kip-svn\pip-redevelopment\pip\vendor\laravel\framework\src\Illuminate\Routing\ControllerDispatcher.php(95): Illuminate\Routing\Router->prepareResponse(Object(Illuminate\Http\Request), Object(Illuminate\View\View))
#12 [internal function]: Illuminate\Routing\ControllerDispatcher->Illuminate\Routing\{closure}(Object(Illuminate\Http\Request))
#13 C:\xampp3\htdocs\kip-svn\pip-redevelopment\pip\vendor\laravel\framework\src\Illuminate\Routing\Pipeline.php(52): call_user_func(Object(Closure), Object(Illuminate\Http\Request))
#14 [internal function]: Illuminate\Routing\Pipeline->Illuminate\Routing\{closure}(Object(Illuminate\Http\Request))
#15 C:\xampp3\htdocs\kip-svn\pip-redevelopment\pip\vendor\laravel\framework\src\Illuminate\Pipeline\Pipeline.php(103): call_user_func(Object(Closure), Object(Illuminate\Http\Request))
#16 C:\xampp3\htdocs\kip-svn\pip-redevelopment\pip\vendor\laravel\framework\src\Illuminate\Routing\ControllerDispatcher.php(96): Illuminate\Pipeline\Pipeline->then(Object(Closure))
#17 C:\xampp3\htdocs\kip-svn\pip-redevelopment\pip\vendor\laravel\framework\src\Illuminate\Routing\ControllerDispatcher.php(54): Illuminate\Routing\ControllerDispatcher->callWithinStack(Object(App\Http\Controllers\Pages\Master\MasterProvinceController), Object(Illuminate\Routing\Route), Object(Illuminate\Http\Request), 'index')
#18 C:\xampp3\htdocs\kip-svn\pip-redevelopment\pip\vendor\laravel\framework\src\Illuminate\Routing\Route.php(174): Illuminate\Routing\ControllerDispatcher->dispatch(Object(Illuminate\Routing\Route), Object(Illuminate\Http\Request), 'App\\Http\\Contro...', 'index')
#19 C:\xampp3\htdocs\kip-svn\pip-redevelopment\pip\vendor\laravel\framework\src\Illuminate\Routing\Route.php(140): Illuminate\Routing\Route->runController(Object(Illuminate\Http\Request))
#20 C:\xampp3\htdocs\kip-svn\pip-redevelopment\pip\vendor\laravel\framework\src\Illuminate\Routing\Router.php(724): Illuminate\Routing\Route->run(Object(Illuminate\Http\Request))
#21 [internal function]: Illuminate\Routing\Router->Illuminate\Routing\{closure}(Object(Illuminate\Http\Request))
#22 C:\xampp3\htdocs\kip-svn\pip-redevelopment\pip\vendor\laravel\framework\src\Illuminate\Routing\Pipeline.php(52): call_user_func(Object(Closure), Object(Illuminate\Http\Request))
#23 C:\xampp3\htdocs\kip-svn\pip-redevelopment\pip\app\Http\Middleware\AuthLoginMiddleware.php(24): Illuminate\Routing\Pipeline->Illuminate\Routing\{closure}(Object(Illuminate\Http\Request))
#24 [internal function]: App\Http\Middleware\AuthLoginMiddleware->handle(Object(Illuminate\Http\Request), Object(Closure))
#25 C:\xampp3\htdocs\kip-svn\pip-redevelopment\pip\vendor\laravel\framework\src\Illuminate\Pipeline\Pipeline.php(136): call_user_func_array(Array, Array)
#26 [internal function]: Illuminate\Pipeline\Pipeline->Illuminate\Pipeline\{closure}(Object(Illuminate\Http\Request))
#27 C:\xampp3\htdocs\kip-svn\pip-redevelopment\pip\vendor\laravel\framework\src\Illuminate\Routing\Pipeline.php(32): call_user_func(Object(Closure), Object(Illuminate\Http\Request))
#28 [internal function]: Illuminate\Routing\Pipeline->Illuminate\Routing\{closure}(Object(Illuminate\Http\Request))
#29 C:\xampp3\htdocs\kip-svn\pip-redevelopment\pip\vendor\laravel\framework\src\Illuminate\Pipeline\Pipeline.php(103): call_user_func(Object(Closure), Object(Illuminate\Http\Request))
#30 C:\xampp3\htdocs\kip-svn\pip-redevelopment\pip\vendor\laravel\framework\src\Illuminate\Routing\Router.php(726): Illuminate\Pipeline\Pipeline->then(Object(Closure))
#31 C:\xampp3\htdocs\kip-svn\pip-redevelopment\pip\vendor\laravel\framework\src\Illuminate\Routing\Router.php(699): Illuminate\Routing\Router->runRouteWithinStack(Object(Illuminate\Routing\Route), Object(Illuminate\Http\Request))
#32 C:\xampp3\htdocs\kip-svn\pip-redevelopment\pip\vendor\laravel\framework\src\Illuminate\Routing\Router.php(675): Illuminate\Routing\Router->dispatchToRoute(Object(Illuminate\Http\Request))
#33 C:\xampp3\htdocs\kip-svn\pip-redevelopment\pip\vendor\laravel\framework\src\Illuminate\Foundation\Http\Kernel.php(246): Illuminate\Routing\Router->dispatch(Object(Illuminate\Http\Request))
#34 [internal function]: Illuminate\Foundation\Http\Kernel->Illuminate\Foundation\Http\{closure}(Object(Illuminate\Http\Request))
#35 C:\xampp3\htdocs\kip-svn\pip-redevelopment\pip\vendor\laravel\framework\src\Illuminate\Routing\Pipeline.php(52): call_user_func(Object(Closure), Object(Illuminate\Http\Request))
#36 C:\xampp3\htdocs\kip-svn\pip-redevelopment\pip\vendor\laravel\framework\src\Illuminate\View\Middleware\ShareErrorsFromSession.php(49): Illuminate\Routing\Pipeline->Illuminate\Routing\{closure}(Object(Illuminate\Http\Request))
#37 [internal function]: Illuminate\View\Middleware\ShareErrorsFromSession->handle(Object(Illuminate\Http\Request), Object(Closure))
#38 C:\xampp3\htdocs\kip-svn\pip-redevelopment\pip\vendor\laravel\framework\src\Illuminate\Pipeline\Pipeline.php(136): call_user_func_array(Array, Array)
#39 [internal function]: Illuminate\Pipeline\Pipeline->Illuminate\Pipeline\{closure}(Object(Illuminate\Http\Request))
#40 C:\xampp3\htdocs\kip-svn\pip-redevelopment\pip\vendor\laravel\framework\src\Illuminate\Routing\Pipeline.php(32): call_user_func(Object(Closure), Object(Illuminate\Http\Request))
#41 C:\xampp3\htdocs\kip-svn\pip-redevelopment\pip\vendor\laravel\framework\src\Illuminate\Session\Middleware\StartSession.php(64): Illuminate\Routing\Pipeline->Illuminate\Routing\{closure}(Object(Illuminate\Http\Request))
#42 [internal function]: Illuminate\Session\Middleware\StartSession->handle(Object(Illuminate\Http\Request), Object(Closure))
#43 C:\xampp3\htdocs\kip-svn\pip-redevelopment\pip\vendor\laravel\framework\src\Illuminate\Pipeline\Pipeline.php(136): call_user_func_array(Array, Array)
#44 [internal function]: Illuminate\Pipeline\Pipeline->Illuminate\Pipeline\{closure}(Object(Illuminate\Http\Request))
#45 C:\xampp3\htdocs\kip-svn\pip-redevelopment\pip\vendor\laravel\framework\src\Illuminate\Routing\Pipeline.php(32): call_user_func(Object(Closure), Object(Illuminate\Http\Request))
#46 C:\xampp3\htdocs\kip-svn\pip-redevelopment\pip\vendor\laravel\framework\src\Illuminate\Cookie\Middleware\AddQueuedCookiesToResponse.php(37): Illuminate\Routing\Pipeline->Illuminate\Routing\{closure}(Object(Illuminate\Http\Request))
#47 [internal function]: Illuminate\Cookie\Middleware\AddQueuedCookiesToResponse->handle(Object(Illuminate\Http\Request), Object(Closure))
#48 C:\xampp3\htdocs\kip-svn\pip-redevelopment\pip\vendor\laravel\framework\src\Illuminate\Pipeline\Pipeline.php(136): call_user_func_array(Array, Array)
#49 [internal function]: Illuminate\Pipeline\Pipeline->Illuminate\Pipeline\{closure}(Object(Illuminate\Http\Request))
#50 C:\xampp3\htdocs\kip-svn\pip-redevelopment\pip\vendor\laravel\framework\src\Illuminate\Routing\Pipeline.php(32): call_user_func(Object(Closure), Object(Illuminate\Http\Request))
#51 C:\xampp3\htdocs\kip-svn\pip-redevelopment\pip\vendor\laravel\framework\src\Illuminate\Cookie\Middleware\EncryptCookies.php(59): Illuminate\Routing\Pipeline->Illuminate\Routing\{closure}(Object(Illuminate\Http\Request))
#52 [internal function]: Illuminate\Cookie\Middleware\EncryptCookies->handle(Object(Illuminate\Http\Request), Object(Closure))
#53 C:\xampp3\htdocs\kip-svn\pip-redevelopment\pip\vendor\laravel\framework\src\Illuminate\Pipeline\Pipeline.php(136): call_user_func_array(Array, Array)
#54 [internal function]: Illuminate\Pipeline\Pipeline->Illuminate\Pipeline\{closure}(Object(Illuminate\Http\Request))
#55 C:\xampp3\htdocs\kip-svn\pip-redevelopment\pip\vendor\laravel\framework\src\Illuminate\Routing\Pipeline.php(32): call_user_func(Object(Closure), Object(Illuminate\Http\Request))
#56 C:\xampp3\htdocs\kip-svn\pip-redevelopment\pip\vendor\laravel\framework\src\Illuminate\Foundation\Http\Middleware\CheckForMaintenanceMode.php(44): Illuminate\Routing\Pipeline->Illuminate\Routing\{closure}(Object(Illuminate\Http\Request))
#57 [internal function]: Illuminate\Foundation\Http\Middleware\CheckForMaintenanceMode->handle(Object(Illuminate\Http\Request), Object(Closure))
#58 C:\xampp3\htdocs\kip-svn\pip-redevelopment\pip\vendor\laravel\framework\src\Illuminate\Pipeline\Pipeline.php(136): call_user_func_array(Array, Array)
#59 [internal function]: Illuminate\Pipeline\Pipeline->Illuminate\Pipeline\{closure}(Object(Illuminate\Http\Request))
#60 C:\xampp3\htdocs\kip-svn\pip-redevelopment\pip\vendor\laravel\framework\src\Illuminate\Routing\Pipeline.php(32): call_user_func(Object(Closure), Object(Illuminate\Http\Request))
#61 [internal function]: Illuminate\Routing\Pipeline->Illuminate\Routing\{closure}(Object(Illuminate\Http\Request))
#62 C:\xampp3\htdocs\kip-svn\pip-redevelopment\pip\vendor\laravel\framework\src\Illuminate\Pipeline\Pipeline.php(103): call_user_func(Object(Closure), Object(Illuminate\Http\Request))
#63 C:\xampp3\htdocs\kip-svn\pip-redevelopment\pip\vendor\laravel\framework\src\Illuminate\Foundation\Http\Kernel.php(132): Illuminate\Pipeline\Pipeline->then(Object(Closure))
#64 C:\xampp3\htdocs\kip-svn\pip-redevelopment\pip\vendor\laravel\framework\src\Illuminate\Foundation\Http\Kernel.php(99): Illuminate\Foundation\Http\Kernel->sendRequestThroughRouter(Object(Illuminate\Http\Request))
#65 C:\xampp3\htdocs\kip-svn\pip-redevelopment\pip\public\index.php(53): Illuminate\Foundation\Http\Kernel->handle(Object(Illuminate\Http\Request))
#66 {main}

Next exception 'ErrorException' with message 'Undefined property: stdClass::$current_page (View: C:\xampp3\htdocs\kip-svn\pip-redevelopment\pip\resources\views\pages\master\province\list.blade.php)' in C:\xampp3\htdocs\kip-svn\pip-redevelopment\pip\app\Util\DataTable.php:102
Stack trace:
#0 C:\xampp3\htdocs\kip-svn\pip-redevelopment\pip\vendor\laravel\framework\src\Illuminate\View\Engines\PhpEngine.php(44): Illuminate\View\Engines\CompilerEngine->handleViewException(Object(ErrorException), 0)
#1 C:\xampp3\htdocs\kip-svn\pip-redevelopment\pip\vendor\laravel\framework\src\Illuminate\View\Engines\CompilerEngine.php(59): Illuminate\View\Engines\PhpEngine->evaluatePath('C:\\xampp3\\htdoc...', Array)
#2 C:\xampp3\htdocs\kip-svn\pip-redevelopment\pip\vendor\laravel\framework\src\Illuminate\View\View.php(149): Illuminate\View\Engines\CompilerEngine->get('C:\\xampp3\\htdoc...', Array)
#3 C:\xampp3\htdocs\kip-svn\pip-redevelopment\pip\vendor\laravel\framework\src\Illuminate\View\View.php(120): Illuminate\View\View->getContents()
#4 C:\xampp3\htdocs\kip-svn\pip-redevelopment\pip\vendor\laravel\framework\src\Illuminate\View\View.php(85): Illuminate\View\View->renderContents()
#5 C:\xampp3\htdocs\kip-svn\pip-redevelopment\pip\vendor\laravel\framework\src\Illuminate\Http\Response.php(53): Illuminate\View\View->render()
#6 C:\xampp3\htdocs\kip-svn\pip-redevelopment\pip\vendor\symfony\http-foundation\Response.php(201): Illuminate\Http\Response->setContent(Object(Illuminate\View\View))
#7 C:\xampp3\htdocs\kip-svn\pip-redevelopment\pip\vendor\laravel\framework\src\Illuminate\Routing\Router.php(1085): Symfony\Component\HttpFoundation\Response->__construct(Object(Illuminate\View\View))
#8 C:\xampp3\htdocs\kip-svn\pip-redevelopment\pip\vendor\laravel\framework\src\Illuminate\Routing\ControllerDispatcher.php(95): Illuminate\Routing\Router->prepareResponse(Object(Illuminate\Http\Request), Object(Illuminate\View\View))
#9 [internal function]: Illuminate\Routing\ControllerDispatcher->Illuminate\Routing\{closure}(Object(Illuminate\Http\Request))
#10 C:\xampp3\htdocs\kip-svn\pip-redevelopment\pip\vendor\laravel\framework\src\Illuminate\Routing\Pipeline.php(52): call_user_func(Object(Closure), Object(Illuminate\Http\Request))
#11 [internal function]: Illuminate\Routing\Pipeline->Illuminate\Routing\{closure}(Object(Illuminate\Http\Request))
#12 C:\xampp3\htdocs\kip-svn\pip-redevelopment\pip\vendor\laravel\framework\src\Illuminate\Pipeline\Pipeline.php(103): call_user_func(Object(Closure), Object(Illuminate\Http\Request))
#13 C:\xampp3\htdocs\kip-svn\pip-redevelopment\pip\vendor\laravel\framework\src\Illuminate\Routing\ControllerDispatcher.php(96): Illuminate\Pipeline\Pipeline->then(Object(Closure))
#14 C:\xampp3\htdocs\kip-svn\pip-redevelopment\pip\vendor\laravel\framework\src\Illuminate\Routing\ControllerDispatcher.php(54): Illuminate\Routing\ControllerDispatcher->callWithinStack(Object(App\Http\Controllers\Pages\Master\MasterProvinceController), Object(Illuminate\Routing\Route), Object(Illuminate\Http\Request), 'index')
#15 C:\xampp3\htdocs\kip-svn\pip-redevelopment\pip\vendor\laravel\framework\src\Illuminate\Routing\Route.php(174): Illuminate\Routing\ControllerDispatcher->dispatch(Object(Illuminate\Routing\Route), Object(Illuminate\Http\Request), 'App\\Http\\Contro...', 'index')
#16 C:\xampp3\htdocs\kip-svn\pip-redevelopment\pip\vendor\laravel\framework\src\Illuminate\Routing\Route.php(140): Illuminate\Routing\Route->runController(Object(Illuminate\Http\Request))
#17 C:\xampp3\htdocs\kip-svn\pip-redevelopment\pip\vendor\laravel\framework\src\Illuminate\Routing\Router.php(724): Illuminate\Routing\Route->run(Object(Illuminate\Http\Request))
#18 [internal function]: Illuminate\Routing\Router->Illuminate\Routing\{closure}(Object(Illuminate\Http\Request))
#19 C:\xampp3\htdocs\kip-svn\pip-redevelopment\pip\vendor\laravel\framework\src\Illuminate\Routing\Pipeline.php(52): call_user_func(Object(Closure), Object(Illuminate\Http\Request))
#20 C:\xampp3\htdocs\kip-svn\pip-redevelopment\pip\app\Http\Middleware\AuthLoginMiddleware.php(24): Illuminate\Routing\Pipeline->Illuminate\Routing\{closure}(Object(Illuminate\Http\Request))
#21 [internal function]: App\Http\Middleware\AuthLoginMiddleware->handle(Object(Illuminate\Http\Request), Object(Closure))
#22 C:\xampp3\htdocs\kip-svn\pip-redevelopment\pip\vendor\laravel\framework\src\Illuminate\Pipeline\Pipeline.php(136): call_user_func_array(Array, Array)
#23 [internal function]: Illuminate\Pipeline\Pipeline->Illuminate\Pipeline\{closure}(Object(Illuminate\Http\Request))
#24 C:\xampp3\htdocs\kip-svn\pip-redevelopment\pip\vendor\laravel\framework\src\Illuminate\Routing\Pipeline.php(32): call_user_func(Object(Closure), Object(Illuminate\Http\Request))
#25 [internal function]: Illuminate\Routing\Pipeline->Illuminate\Routing\{closure}(Object(Illuminate\Http\Request))
#26 C:\xampp3\htdocs\kip-svn\pip-redevelopment\pip\vendor\laravel\framework\src\Illuminate\Pipeline\Pipeline.php(103): call_user_func(Object(Closure), Object(Illuminate\Http\Request))
#27 C:\xampp3\htdocs\kip-svn\pip-redevelopment\pip\vendor\laravel\framework\src\Illuminate\Routing\Router.php(726): Illuminate\Pipeline\Pipeline->then(Object(Closure))
#28 C:\xampp3\htdocs\kip-svn\pip-redevelopment\pip\vendor\laravel\framework\src\Illuminate\Routing\Router.php(699): Illuminate\Routing\Router->runRouteWithinStack(Object(Illuminate\Routing\Route), Object(Illuminate\Http\Request))
#29 C:\xampp3\htdocs\kip-svn\pip-redevelopment\pip\vendor\laravel\framework\src\Illuminate\Routing\Router.php(675): Illuminate\Routing\Router->dispatchToRoute(Object(Illuminate\Http\Request))
#30 C:\xampp3\htdocs\kip-svn\pip-redevelopment\pip\vendor\laravel\framework\src\Illuminate\Foundation\Http\Kernel.php(246): Illuminate\Routing\Router->dispatch(Object(Illuminate\Http\Request))
#31 [internal function]: Illuminate\Foundation\Http\Kernel->Illuminate\Foundation\Http\{closure}(Object(Illuminate\Http\Request))
#32 C:\xampp3\htdocs\kip-svn\pip-redevelopment\pip\vendor\laravel\framework\src\Illuminate\Routing\Pipeline.php(52): call_user_func(Object(Closure), Object(Illuminate\Http\Request))
#33 C:\xampp3\htdocs\kip-svn\pip-redevelopment\pip\vendor\laravel\framework\src\Illuminate\View\Middleware\ShareErrorsFromSession.php(49): Illuminate\Routing\Pipeline->Illuminate\Routing\{closure}(Object(Illuminate\Http\Request))
#34 [internal function]: Illuminate\View\Middleware\ShareErrorsFromSession->handle(Object(Illuminate\Http\Request), Object(Closure))
#35 C:\xampp3\htdocs\kip-svn\pip-redevelopment\pip\vendor\laravel\framework\src\Illuminate\Pipeline\Pipeline.php(136): call_user_func_array(Array, Array)
#36 [internal function]: Illuminate\Pipeline\Pipeline->Illuminate\Pipeline\{closure}(Object(Illuminate\Http\Request))
#37 C:\xampp3\htdocs\kip-svn\pip-redevelopment\pip\vendor\laravel\framework\src\Illuminate\Routing\Pipeline.php(32): call_user_func(Object(Closure), Object(Illuminate\Http\Request))
#38 C:\xampp3\htdocs\kip-svn\pip-redevelopment\pip\vendor\laravel\framework\src\Illuminate\Session\Middleware\StartSession.php(64): Illuminate\Routing\Pipeline->Illuminate\Routing\{closure}(Object(Illuminate\Http\Request))
#39 [internal function]: Illuminate\Session\Middleware\StartSession->handle(Object(Illuminate\Http\Request), Object(Closure))
#40 C:\xampp3\htdocs\kip-svn\pip-redevelopment\pip\vendor\laravel\framework\src\Illuminate\Pipeline\Pipeline.php(136): call_user_func_array(Array, Array)
#41 [internal function]: Illuminate\Pipeline\Pipeline->Illuminate\Pipeline\{closure}(Object(Illuminate\Http\Request))
#42 C:\xampp3\htdocs\kip-svn\pip-redevelopment\pip\vendor\laravel\framework\src\Illuminate\Routing\Pipeline.php(32): call_user_func(Object(Closure), Object(Illuminate\Http\Request))
#43 C:\xampp3\htdocs\kip-svn\pip-redevelopment\pip\vendor\laravel\framework\src\Illuminate\Cookie\Middleware\AddQueuedCookiesToResponse.php(37): Illuminate\Routing\Pipeline->Illuminate\Routing\{closure}(Object(Illuminate\Http\Request))
#44 [internal function]: Illuminate\Cookie\Middleware\AddQueuedCookiesToResponse->handle(Object(Illuminate\Http\Request), Object(Closure))
#45 C:\xampp3\htdocs\kip-svn\pip-redevelopment\pip\vendor\laravel\framework\src\Illuminate\Pipeline\Pipeline.php(136): call_user_func_array(Array, Array)
#46 [internal function]: Illuminate\Pipeline\Pipeline->Illuminate\Pipeline\{closure}(Object(Illuminate\Http\Request))
#47 C:\xampp3\htdocs\kip-svn\pip-redevelopment\pip\vendor\laravel\framework\src\Illuminate\Routing\Pipeline.php(32): call_user_func(Object(Closure), Object(Illuminate\Http\Request))
#48 C:\xampp3\htdocs\kip-svn\pip-redevelopment\pip\vendor\laravel\framework\src\Illuminate\Cookie\Middleware\EncryptCookies.php(59): Illuminate\Routing\Pipeline->Illuminate\Routing\{closure}(Object(Illuminate\Http\Request))
#49 [internal function]: Illuminate\Cookie\Middleware\EncryptCookies->handle(Object(Illuminate\Http\Request), Object(Closure))
#50 C:\xampp3\htdocs\kip-svn\pip-redevelopment\pip\vendor\laravel\framework\src\Illuminate\Pipeline\Pipeline.php(136): call_user_func_array(Array, Array)
#51 [internal function]: Illuminate\Pipeline\Pipeline->Illuminate\Pipeline\{closure}(Object(Illuminate\Http\Request))
#52 C:\xampp3\htdocs\kip-svn\pip-redevelopment\pip\vendor\laravel\framework\src\Illuminate\Routing\Pipeline.php(32): call_user_func(Object(Closure), Object(Illuminate\Http\Request))
#53 C:\xampp3\htdocs\kip-svn\pip-redevelopment\pip\vendor\laravel\framework\src\Illuminate\Foundation\Http\Middleware\CheckForMaintenanceMode.php(44): Illuminate\Routing\Pipeline->Illuminate\Routing\{closure}(Object(Illuminate\Http\Request))
#54 [internal function]: Illuminate\Foundation\Http\Middleware\CheckForMaintenanceMode->handle(Object(Illuminate\Http\Request), Object(Closure))
#55 C:\xampp3\htdocs\kip-svn\pip-redevelopment\pip\vendor\laravel\framework\src\Illuminate\Pipeline\Pipeline.php(136): call_user_func_array(Array, Array)
#56 [internal function]: Illuminate\Pipeline\Pipeline->Illuminate\Pipeline\{closure}(Object(Illuminate\Http\Request))
#57 C:\xampp3\htdocs\kip-svn\pip-redevelopment\pip\vendor\laravel\framework\src\Illuminate\Routing\Pipeline.php(32): call_user_func(Object(Closure), Object(Illuminate\Http\Request))
#58 [internal function]: Illuminate\Routing\Pipeline->Illuminate\Routing\{closure}(Object(Illuminate\Http\Request))
#59 C:\xampp3\htdocs\kip-svn\pip-redevelopment\pip\vendor\laravel\framework\src\Illuminate\Pipeline\Pipeline.php(103): call_user_func(Object(Closure), Object(Illuminate\Http\Request))
#60 C:\xampp3\htdocs\kip-svn\pip-redevelopment\pip\vendor\laravel\framework\src\Illuminate\Foundation\Http\Kernel.php(132): Illuminate\Pipeline\Pipeline->then(Object(Closure))
#61 C:\xampp3\htdocs\kip-svn\pip-redevelopment\pip\vendor\laravel\framework\src\Illuminate\Foundation\Http\Kernel.php(99): Illuminate\Foundation\Http\Kernel->sendRequestThroughRouter(Object(Illuminate\Http\Request))
#62 C:\xampp3\htdocs\kip-svn\pip-redevelopment\pip\public\index.php(53): Illuminate\Foundation\Http\Kernel->handle(Object(Illuminate\Http\Request))
#63 {main}  
[2016-09-21 11:29:19] production.INFO: Do POST  
[2016-09-21 11:29:20] production.INFO: Do Get menu  
[2016-09-21 11:29:31] production.INFO: masuk base : {"item_number":"5","filter_key":"code","filter_value":"","sorting_key":"code","sorting_direction":"asc"}  
[2016-09-21 11:29:31] production.INFO: Do POST  
[2016-09-21 11:29:34] production.INFO: masuk base : {"item_number":"5","filter_key":"code","filter_value":"","sorting_key":"code","sorting_direction":"asc"}  
[2016-09-21 11:29:34] production.INFO: Do POST  
[2016-09-21 11:29:39] production.INFO: id=20  
[2016-09-21 11:29:39] production.INFO: Do DELETE  
[2016-09-21 11:29:40] production.INFO: masuk base : {"item_number":"5","filter_key":"code","filter_value":"","sorting_key":"code","sorting_direction":"asc"}  
[2016-09-21 11:29:40] production.INFO: Do POST  
[2016-09-21 11:32:59] production.INFO: masuk base : {"item_number":"5","filter_key":"code","filter_value":"","sorting_key":"code","sorting_direction":"asc"}  
[2016-09-21 11:33:00] production.INFO: Do POST  
[2016-09-21 11:33:02] production.INFO: masuk base : {"item_number":"5","filter_key":"code","filter_value":"","sorting_key":"code","sorting_direction":"asc"}  
[2016-09-21 11:33:03] production.INFO: Do POST  
[2016-09-21 11:36:37] production.INFO: masuk base : {"item_number":"5","filter_key":"code","filter_value":"","sorting_key":"code","sorting_direction":"asc"}  
[2016-09-21 11:36:38] production.INFO: Do POST  
[2016-09-21 11:37:08] production.INFO: masuk base : {"item_number":"5","filter_key":"code","filter_value":"","sorting_key":"code","sorting_direction":"asc"}  
[2016-09-21 11:37:09] production.INFO: Do POST  
[2016-09-21 11:37:21] production.INFO: Do POST  
[2016-09-21 11:37:22] production.INFO: masuk base : {"item_number":"5","filter_key":"code","filter_value":"","sorting_key":"code","sorting_direction":"asc"}  
[2016-09-21 11:37:22] production.INFO: Do POST  
[2016-09-21 11:37:27] production.INFO: id=21  
[2016-09-21 11:37:28] production.INFO: Do DELETE  
[2016-09-21 11:37:29] production.INFO: masuk base : {"item_number":"5","filter_key":"code","filter_value":"","sorting_key":"code","sorting_direction":"asc"}  
[2016-09-21 11:37:29] production.INFO: Do POST  
[2016-09-21 11:37:29] production.INFO: id=21  
[2016-09-21 11:37:33] production.INFO: Do DELETE  
[2016-09-21 11:38:02] production.INFO: Do POST  
[2016-09-21 11:38:04] production.INFO: Do Get menu  
[2016-09-21 11:38:13] production.INFO: masuk base : {"item_number":"5","filter_key":"code","filter_value":"","sorting_key":"code","sorting_direction":"asc"}  
[2016-09-21 11:38:13] production.INFO: Do POST  
[2016-09-21 11:38:49] production.INFO: masuk base : {"item_number":"5","filter_key":"code","filter_value":"","sorting_key":"code","sorting_direction":"asc"}  
[2016-09-21 11:38:49] production.INFO: Do POST  
[2016-09-21 11:38:53] production.INFO: id=18  
[2016-09-21 11:38:54] production.INFO: Do DELETE  
[2016-09-21 11:38:55] production.INFO: masuk base : {"item_number":"5","filter_key":"code","filter_value":"","sorting_key":"code","sorting_direction":"asc"}  
[2016-09-21 11:38:55] production.INFO: Do POST  
[2016-09-21 11:40:25] production.INFO: masuk base : {"item_number":"5","filter_key":"code","filter_value":"","sorting_key":"code","sorting_direction":"asc"}  
[2016-09-21 11:40:26] production.INFO: Do POST  
[2016-09-21 11:40:35] production.INFO: id=20  
[2016-09-21 11:40:36] production.INFO: Do DELETE  
[2016-09-21 11:40:37] production.INFO: masuk base : {"item_number":"5","filter_key":"code","filter_value":"","sorting_key":"code","sorting_direction":"asc"}  
[2016-09-21 11:40:37] production.INFO: Do POST  
[2016-09-21 11:40:49] production.INFO: Do DELETE  
[2016-09-21 11:40:49] production.ERROR: exception 'Symfony\Component\Debug\Exception\FatalErrorException' with message 'Undefined class constant 'SUN_DELETE'' in C:\xampp3\htdocs\kip-svn\pip-redevelopment\pip\app\Http\Controllers\Pages\Master\MasterProvinceController.php:59
Stack trace:
#0 {main}  
[2016-09-21 11:41:01] production.INFO: masuk base : {"item_number":"5","filter_key":"code","filter_value":"","sorting_key":"code","sorting_direction":"asc"}  
[2016-09-21 11:41:02] production.INFO: Do POST  
